{"numTotalTestSuites":2,"numPassedTestSuites":0,"numFailedTestSuites":2,"numPendingTestSuites":0,"numTotalTests":3,"numPassedTests":1,"numFailedTests":2,"numPendingTests":0,"numTodoTests":0,"snapshot":{"added":0,"failure":false,"filesAdded":0,"filesRemoved":0,"filesRemovedList":[],"filesUnmatched":0,"filesUpdated":0,"matched":0,"total":0,"unchecked":0,"uncheckedKeysByFile":[],"unmatched":0,"updated":0,"didUpdate":false},"startTime":1776671033622,"success":false,"testResults":[{"assertionResults":[{"ancestorTitles":["Order workflow presentation"],"fullName":"Order workflow presentation separates fulfillment actions from billing context on the detail view","status":"failed","title":"separates fulfillment actions from billing context on the detail view","duration":79.79108299999984,"failureMessages":["TestingLibraryElementError: Unable to find an element with the text: unpaid. This could be because the text is broken up by multiple elements. In this case, you can provide a function for your text matcher to make your matcher more flexible.\n\nIgnored nodes: comments, script, style\n\u001b[36m<body>\u001b[39m\n  \u001b[36m<div>\u001b[39m\n    \u001b[36m<section\u001b[39m\n      \u001b[33maria-label\u001b[39m=\u001b[32m\"Order detail\"\u001b[39m\n      \u001b[33mclass\u001b[39m=\u001b[32m\"space-y-5\"\u001b[39m\n    \u001b[36m>\u001b[39m\n      \u001b[36m<nav\u001b[39m\n        \u001b[33maria-label\u001b[39m=\u001b[32m\"Breadcrumb\"\u001b[39m\n      \u001b[36m>\u001b[39m\n        \u001b[36m<ol\u001b[39m\n          \u001b[33mclass\u001b[39m=\u001b[32m\"flex min-w-0 items-center gap-2 text-xs font-medium text-muted-foreground\"\u001b[39m\n        \u001b[36m>\u001b[39m\n          \u001b[36m<li\u001b[39m\n            \u001b[33mclass\u001b[39m=\u001b[32m\"flex min-w-0 items-center gap-2\"\u001b[39m\n          \u001b[36m>\u001b[39m\n            \u001b[36m<a\u001b[39m\n              \u001b[33mclass\u001b[39m=\u001b[32m\"truncate transition-colors hover:text-foreground focus-visible:outline-none focus-visible:ring-2 focus-visible:ring-ring/60 focus-visible:ring-offset-2 focus-visible:ring-offset-background\"\u001b[39m\n              \u001b[33mdata-discover\u001b[39m=\u001b[32m\"true\"\u001b[39m\n              \u001b[33mhref\u001b[39m=\u001b[32m\"/orders\"\u001b[39m\n            \u001b[36m>\u001b[39m\n              \u001b[0mOrders\u001b[0m\n            \u001b[36m</a>\u001b[39m\n          \u001b[36m</li>\u001b[39m\n          \u001b[36m<li\u001b[39m\n            \u001b[33mclass\u001b[39m=\u001b[32m\"flex min-w-0 items-center gap-2\"\u001b[39m\n          \u001b[36m>\u001b[39m\n            \u001b[36m<span\u001b[39m\n              \u001b[33maria-hidden\u001b[39m=\u001b[32m\"true\"\u001b[39m\n              \u001b[33mclass\u001b[39m=\u001b[32m\"shrink-0 text-muted-foreground/60\"\u001b[39m\n            \u001b[36m>\u001b[39m\n              \u001b[0m/\u001b[0m\n            \u001b[36m</span>\u001b[39m\n            \u001b[36m<span\u001b[39m\n              \u001b[33maria-current\u001b[39m=\u001b[32m\"page\"\u001b[39m\n              \u001b[33mclass\u001b[39m=\u001b[32m\"truncate text-foreground\"\u001b[39m\n            \u001b[36m>\u001b[39m\n              \u001b[0mOrder ORD-READY-001\u001b[0m\n            \u001b[36m</span>\u001b[39m\n          \u001b[36m</li>\u001b[39m\n        \u001b[36m</ol>\u001b[39m\n      \u001b[36m</nav>\u001b[39m\n      \u001b[36m<button\u001b[39m\n        \u001b[33mclass\u001b[39m=\u001b[32m\"group/button inline-flex shrink-0 items-center justify-center rounded-lg border bg-clip-padding text-sm font-medium whitespace-nowrap transition-all outline-none select-none focus-visible:border-ring focus-visible:ring-3 focus-visible:ring-ring/50 active:not-aria-[haspopup]:translate-y-px disabled:pointer-events-none disabled:opacity-50 aria-invalid:border-destructive aria-invalid:ring-3 aria-invalid:ring-destructive/20 dark:aria-invalid:border-destructive/50 dark:aria-invalid:ring-destructive/40 [&_svg]:pointer-events-none [&_svg]:shrink-0 [&_svg:not([class*='size-'])]:size-4 border-border bg-background text-foreground hover:bg-muted hover:text-foreground aria-expanded:bg-muted aria-expanded:text-foreground dark:border-input/80 dark:hover:bg-input/60 h-8 gap-1.5 px-2.5 has-data-[icon=inline-end]:pr-2 has-data-[icon=inline-start]:pl-2\"\u001b[39m\n        \u001b[33mdata-slot\u001b[39m=\u001b[32m\"button\"\u001b[39m\n        \u001b[33mtabindex\u001b[39m=\u001b[32m\"0\"\u001b[39m\n        \u001b[33mtype\u001b[39m=\u001b[32m\"button\"\u001b[39m\n      \u001b[36m>\u001b[39m\n        \u001b[0mBack to list\u001b[0m\n      \u001b[36m</button>\u001b[39m\n      \u001b[36m<div\u001b[39m\n        \u001b[33mclass\u001b[39m=\u001b[32m\"flex flex-col gap-3 lg:flex-row lg:items-start lg:justify-between\"\u001b[39m\n      \u001b[36m>\u001b[39m\n        \u001b[36m<div\u001b[39m\n          \u001b[33mclass\u001b[39m=\u001b[32m\"space-y-2\"\u001b[39m\n        \u001b[36m>\u001b[39m\n          \u001b[36m<h2\u001b[39m\n            \u001b[33mclass\u001b[39m=\u001b[32m\"text-xl font-semibold tracking-tight\"\u001b[39m\n          \u001b[36m>\u001b[39m\n            \u001b[0mOrder\u001b[0m\n            \u001b[0m \u001b[0m\n            \u001b[0mORD-READY-001\u001b[0m\n          \u001b[36m</h2>\u001b[39m\n          \u001b[36m<div\u001b[39m\n            \u001b[33mclass\u001b[39m=\u001b[32m\"inline-flex items-center rounded-full border px-2.5 py-1 text-[11px] font-semibold transition-colors tone-neutral normal-case tracking-normal\"\u001b[39m\n            \u001b[33mdata-slot\u001b[39m=\u001b[32m\"badge\"\u001b[39m\n          \u001b[36m>\u001b[39m\n            \u001b[0mconfirmed\u001b[0m\n          \u001b[36m</div>\u001b[39m\n        \u001b[36m</div>\u001b[39m\n        \u001b[36m<div\u001b[39m\n          \u001b[33mclass\u001b[39m=\u001b[32m\"flex flex-wrap gap-2\"\u001b[39m\n        \u001b[36m>\u001b[39m\n          \u001b[36m<button\u001b[39m\n            \u001b[33mclass\u001b[39m=\u001b[32m\"group/button inline-flex shrink-0 items-center justify-center rounded-lg border border-transparent bg-clip-padding text-sm font-medium whitespace-nowrap transition-all outline-none select-none focus-visible:border-ring focus-visible:ring-3 focus-visible:ring-ring/50 active:not-aria-[haspopup]:translate-y-px disabled:pointer-events-none disabled:opacity-50 aria-invalid:border-destructive aria-invalid:ring-3 aria-invalid:ring-destructive/20 dark:aria-invalid:border-destructive/50 dark:aria-invalid:ring-destructive/40 [&_svg]:pointer-events-none [&_svg]:shrink-0 [&_svg:not([class*='size-'])]:size-4 bg-primary text-primary-foreground [a]:hover:bg-primary/80 h-8 gap-1.5 px-2.5 has-data-[icon=inline-end]:pr-2 has-data-[icon=inline-start]:pl-2\"\u001b[39m\n            \u001b[33mdata-slot\u001b[39m=\u001b[32m\"button\"\u001b[39m\n            \u001b[33mtabindex\u001b[39m=\u001b[32m\"0\"\u001b[39m\n            \u001b[33mtype\u001b[39m=\u001b[32m\"button\"\u001b[39m\n          \u001b[36m>\u001b[39m\n            \u001b[0mShip Order\u001b[0m\n          \u001b[36m</button>\u001b[39m\n        \u001b[36m</div>\u001b[39m\n      \u001b[36m</div>\u001b[39m\n      \u001b[36m<div\u001b[39m\n        \u001b[33mclass\u001b[39m=\u001b[32m\"rounded-2xl border border-border/80 bg-card/95 text-card-foreground shadow-[0_12px_40px_-28px_rgba(15,23,42,0.45)]\"\u001b[39m\n        \u001b[33mdata-slot\u001b[39m=\u001b[32m\"card\"\u001b[39m\n      \u001b[36m>\u001b[39m\n        \u001b[36m<div\u001b[39m\n          \u001b[33mclass\u001b[39m=\u001b[32m\"p-6 flex flex-col gap-4 sm:flex-row sm:items-start sm:justify-between\"\u001b[39m\n        \u001b[36m>\u001b[39m\n          \u001b[36m<div\u001b[39m\n            \u001b[33mclass\u001b[39m=\u001b[32m\"space-y-1\"\u001b[39m\n          \u001b[36m>\u001b[39m\n            \u001b[36m<h3\u001b[39m\n              \u001b[33mclass\u001b[39m=\u001b[32m\"text-lg font-semibold tracking-tight\"\u001b[39m\n            \u001b[36m>\u001b[39m\n              \u001b[0mFulfillment\u001b[0m\n            \u001b[36m</h3>\u001b[39m\n          \u001b[36m</div>\u001b[39m\n        \u001b[36m</div>\u001b[39m\n        \u001b[36m<div\u001b[39m\n          \u001b[33mclass\u001b[39m=\u001b[32m\"px-6 pb-6 pt-0\"\u001b[39m\n        \u001b[36m>\u001b[39m\n          \u001b[36m<div\u001b[39m\n            \u001b[33mclass\u001b[39m=\u001b[32m\"space-y-2 text-sm\"\u001b[39m\n          \u001b[36m>\u001b[39m\n            \u001b[36m<p>\u001b[39m\n              \u001b[36m<span\u001b[39m\n                \u001b[33mclass\u001b[39m=\u001b[32m\"font-medium\"\u001b[39m\n              \u001b[36m>\u001b[39m\n                \u001b[0mReady to ship\u001b[0m\n                \u001b[0m:\u001b[0m\n              \u001b[36m</span>\u001b[39m\n              \u001b[0m \u001b[0m\n              \u001b[0mYes\u001b[0m\n            \u001b[36m</p>\u001b[39m\n            \u001b[36m<p>\u001b[39m\n              \u001b[36m<span\u001b[39m\n                \u001b[33mclass\u001b[39m=\u001b[32m\"font-medium\"\u001b[39m\n              \u001b[36m>\u001b[39m\n                \u001b[0mStock reserved\u001b[0m\n                \u001b[0m:\u001b[0m\n              \u001b[36m</span>\u001b[39m\n              \u001b[0m \u001b[0m\n              \u001b[0mYes\u001b[0m\n            \u001b[36m</p>\u001b[39m\n          \u001b[36m</div>\u001b[39m\n        \u001b[36m</div>\u001b[39m\n      \u001b[36m</div>\u001b[39m\n      \u001b[36m<div\u001b[39m\n        \u001b[33mclass\u001b[39m=\u001b[32m\"rounded-2xl border border-border/80 bg-card/95 text-card-foreground shadow-[0_12px_40px_-28px_rgba(15,23,42,0.45)]\"\u001b[39m\n        \u001b[33mdata-slot\u001b[39m=\u001b[32m\"card\"\u001b[39m\n      \u001b[36m>\u001b[39m\n        \u001b[36m<div\u001b[39m\n          \u001b[33mclass\u001b[39m=\u001b[32m\"p-6 flex flex-col gap-4 sm:flex-row sm:items-start sm:justify-between\"\u001b[39m\n        \u001b[36m>\u001b[39m\n          \u001b[36m<div\u001b[39m\n            \u001b[33mclass\u001b[39m=\u001b[32m\"space-y-1\"\u001b[39m\n          \u001b[36m>\u001b[39m\n            \u001b[36m<h3\u001b[39m\n              \u001b[33mclass\u001b[39m=\u001b[32m\"text-lg font-semibold tracking-tight...\n    at Object.getElementError (/Users/changtom/Downloads/UltrERP/node_modules/.pnpm/@testing-library+dom@10.4.1/node_modules/@testing-library/dom/dist/config.js:37:19)\n    at /Users/changtom/Downloads/UltrERP/node_modules/.pnpm/@testing-library+dom@10.4.1/node_modules/@testing-library/dom/dist/query-helpers.js:76:38\n    at /Users/changtom/Downloads/UltrERP/node_modules/.pnpm/@testing-library+dom@10.4.1/node_modules/@testing-library/dom/dist/query-helpers.js:52:17\n    at /Users/changtom/Downloads/UltrERP/node_modules/.pnpm/@testing-library+dom@10.4.1/node_modules/@testing-library/dom/dist/query-helpers.js:95:19\n    at /Users/changtom/Downloads/UltrERP/src/tests/orders/OrderWorkflowPresentation.test.tsx:197:19\n    at file:///Users/changtom/Downloads/UltrERP/node_modules/.pnpm/@vitest+runner@3.2.4/node_modules/@vitest/runner/dist/chunk-hooks.js:155:11\n    at file:///Users/changtom/Downloads/UltrERP/node_modules/.pnpm/@vitest+runner@3.2.4/node_modules/@vitest/runner/dist/chunk-hooks.js:752:26\n    at file:///Users/changtom/Downloads/UltrERP/node_modules/.pnpm/@vitest+runner@3.2.4/node_modules/@vitest/runner/dist/chunk-hooks.js:1897:20\n    at new Promise (<anonymous>)\n    at runWithTimeout (file:///Users/changtom/Downloads/UltrERP/node_modules/.pnpm/@vitest+runner@3.2.4/node_modules/@vitest/runner/dist/chunk-hooks.js:1863:10)"],"meta":{}},{"ancestorTitles":["Order workflow presentation"],"fullName":"Order workflow presentation shows fulfillment and billing cues separately on the list surface","status":"failed","title":"shows fulfillment and billing cues separately on the list surface","duration":12.012417000000141,"failureMessages":["TestingLibraryElementError: Unable to find an element with the text: Backorder risk: 1 line. This could be because the text is broken up by multiple elements. In this case, you can provide a function for your text matcher to make your matcher more flexible.\n\nIgnored nodes: comments, script, style\n\u001b[36m<body>\u001b[39m\n  \u001b[36m<div>\u001b[39m\n    \u001b[36m<section\u001b[39m\n      \u001b[33maria-label\u001b[39m=\u001b[32m\"Order list\"\u001b[39m\n    \u001b[36m>\u001b[39m\n      \u001b[36m<div\u001b[39m\n        \u001b[33mclass\u001b[39m=\u001b[32m\"min-w-0 space-y-4\"\u001b[39m\n      \u001b[36m>\u001b[39m\n        \u001b[36m<div\u001b[39m\n          \u001b[33mclass\u001b[39m=\u001b[32m\"flex flex-col gap-3 border-b border-border/70 pb-4 md:flex-row md:items-center md:justify-between items-start\"\u001b[39m\n        \u001b[36m>\u001b[39m\n          \u001b[36m<div\u001b[39m\n            \u001b[33mclass\u001b[39m=\u001b[32m\"space-y-1\"\u001b[39m\n          \u001b[36m>\u001b[39m\n            \u001b[36m<h2\u001b[39m\n              \u001b[33mclass\u001b[39m=\u001b[32m\"text-lg font-semibold tracking-tight\"\u001b[39m\n            \u001b[36m>\u001b[39m\n              \u001b[0mOrders\u001b[0m\n            \u001b[36m</h2>\u001b[39m\n            \u001b[36m<p\u001b[39m\n              \u001b[33mclass\u001b[39m=\u001b[32m\"text-sm text-muted-foreground\"\u001b[39m\n            \u001b[36m>\u001b[39m\n              \u001b[0mBrowse and manage your sales orders.\u001b[0m\n            \u001b[36m</p>\u001b[39m\n          \u001b[36m</div>\u001b[39m\n          \u001b[36m<div\u001b[39m\n            \u001b[33mclass\u001b[39m=\u001b[32m\"flex max-w-full flex-col gap-3 md:items-end\"\u001b[39m\n          \u001b[36m>\u001b[39m\n            \u001b[36m<div\u001b[39m\n              \u001b[33mclass\u001b[39m=\u001b[32m\"flex flex-wrap items-center gap-2\"\u001b[39m\n            \u001b[36m>\u001b[39m\n              \u001b[36m<button\u001b[39m\n                \u001b[33mclass\u001b[39m=\u001b[32m\"group/button inline-flex shrink-0 items-center justify-center rounded-lg border border-transparent bg-clip-padding text-sm font-medium whitespace-nowrap transition-all outline-none select-none focus-visible:border-ring focus-visible:ring-3 focus-visible:ring-ring/50 active:not-aria-[haspopup]:translate-y-px disabled:pointer-events-none disabled:opacity-50 aria-invalid:border-destructive aria-invalid:ring-3 aria-invalid:ring-destructive/20 dark:aria-invalid:border-destructive/50 dark:aria-invalid:ring-destructive/40 [&_svg]:pointer-events-none [&_svg]:shrink-0 [&_svg:not([class*='size-'])]:size-4 bg-secondary text-secondary-foreground hover:bg-secondary/80 aria-expanded:bg-secondary aria-expanded:text-secondary-foreground dark:text-secondary-foreground h-8 gap-1.5 px-2.5 has-data-[icon=inline-end]:pr-2 has-data-[icon=inline-start]:pl-2\"\u001b[39m\n                \u001b[33mdata-slot\u001b[39m=\u001b[32m\"button\"\u001b[39m\n                \u001b[33mtabindex\u001b[39m=\u001b[32m\"0\"\u001b[39m\n                \u001b[33mtype\u001b[39m=\u001b[32m\"button\"\u001b[39m\n              \u001b[36m>\u001b[39m\n                \u001b[0mAll orders\u001b[0m\n              \u001b[36m</button>\u001b[39m\n              \u001b[36m<button\u001b[39m\n                \u001b[33mclass\u001b[39m=\u001b[32m\"group/button inline-flex shrink-0 items-center justify-center rounded-lg border bg-clip-padding text-sm font-medium whitespace-nowrap transition-all outline-none select-none focus-visible:border-ring focus-visible:ring-3 focus-visible:ring-ring/50 active:not-aria-[haspopup]:translate-y-px disabled:pointer-events-none disabled:opacity-50 aria-invalid:border-destructive aria-invalid:ring-3 aria-invalid:ring-destructive/20 dark:aria-invalid:border-destructive/50 dark:aria-invalid:ring-destructive/40 [&_svg]:pointer-events-none [&_svg]:shrink-0 [&_svg:not([class*='size-'])]:size-4 border-border bg-background text-foreground hover:bg-muted hover:text-foreground aria-expanded:bg-muted aria-expanded:text-foreground dark:border-input/80 dark:hover:bg-input/60 h-8 gap-1.5 px-2.5 has-data-[icon=inline-end]:pr-2 has-data-[icon=inline-start]:pl-2\"\u001b[39m\n                \u001b[33mdata-slot\u001b[39m=\u001b[32m\"button\"\u001b[39m\n                \u001b[33mtabindex\u001b[39m=\u001b[32m\"0\"\u001b[39m\n                \u001b[33mtype\u001b[39m=\u001b[32m\"button\"\u001b[39m\n              \u001b[36m>\u001b[39m\n                \u001b[0mPending intake\u001b[0m\n              \u001b[36m</button>\u001b[39m\n              \u001b[36m<button\u001b[39m\n                \u001b[33mclass\u001b[39m=\u001b[32m\"group/button inline-flex shrink-0 items-center justify-center rounded-lg border bg-clip-padding text-sm font-medium whitespace-nowrap transition-all outline-none select-none focus-visible:border-ring focus-visible:ring-3 focus-visible:ring-ring/50 active:not-aria-[haspopup]:translate-y-px disabled:pointer-events-none disabled:opacity-50 aria-invalid:border-destructive aria-invalid:ring-3 aria-invalid:ring-destructive/20 dark:aria-invalid:border-destructive/50 dark:aria-invalid:ring-destructive/40 [&_svg]:pointer-events-none [&_svg]:shrink-0 [&_svg:not([class*='size-'])]:size-4 border-border bg-background text-foreground hover:bg-muted hover:text-foreground aria-expanded:bg-muted aria-expanded:text-foreground dark:border-input/80 dark:hover:bg-input/60 h-8 gap-1.5 px-2.5 has-data-[icon=inline-end]:pr-2 has-data-[icon=inline-start]:pl-2\"\u001b[39m\n                \u001b[33mdata-slot\u001b[39m=\u001b[32m\"button\"\u001b[39m\n                \u001b[33mtabindex\u001b[39m=\u001b[32m\"0\"\u001b[39m\n                \u001b[33mtype\u001b[39m=\u001b[32m\"button\"\u001b[39m\n              \u001b[36m>\u001b[39m\n                \u001b[0mReady to ship\u001b[0m\n              \u001b[36m</button>\u001b[39m\n              \u001b[36m<button\u001b[39m\n                \u001b[33mclass\u001b[39m=\u001b[32m\"group/button inline-flex shrink-0 items-center justify-center rounded-lg border bg-clip-padding text-sm font-medium whitespace-nowrap transition-all outline-none select-none focus-visible:border-ring focus-visible:ring-3 focus-visible:ring-ring/50 active:not-aria-[haspopup]:translate-y-px disabled:pointer-events-none disabled:opacity-50 aria-invalid:border-destructive aria-invalid:ring-3 aria-invalid:ring-destructive/20 dark:aria-invalid:border-destructive/50 dark:aria-invalid:ring-destructive/40 [&_svg]:pointer-events-none [&_svg]:shrink-0 [&_svg:not([class*='size-'])]:size-4 border-border bg-background text-foreground hover:bg-muted hover:text-foreground aria-expanded:bg-muted aria-expanded:text-foreground dark:border-input/80 dark:hover:bg-input/60 h-8 gap-1.5 px-2.5 has-data-[icon=inline-end]:pr-2 has-data-[icon=inline-start]:pl-2\"\u001b[39m\n                \u001b[33mdata-slot\u001b[39m=\u001b[32m\"button\"\u001b[39m\n                \u001b[33mtabindex\u001b[39m=\u001b[32m\"0\"\u001b[39m\n                \u001b[33mtype\u001b[39m=\u001b[32m\"button\"\u001b[39m\n              \u001b[36m>\u001b[39m\n                \u001b[0mShipped not completed\u001b[0m\n              \u001b[36m</button>\u001b[39m\n              \u001b[36m<button\u001b[39m\n                \u001b[33mclass\u001b[39m=\u001b[32m\"group/button inline-flex shrink-0 items-center justify-center rounded-lg border bg-clip-padding text-sm font-medium whitespace-nowrap transition-all outline-none select-none focus-visible:border-ring focus-visible:ring-3 focus-visible:ring-ring/50 active:not-aria-[haspopup]:translate-y-px disabled:pointer-events-none disabled:opacity-50 aria-invalid:border-destructive aria-invalid:ring-3 aria-invalid:ring-destructive/20 dark:aria-invalid:border-destructive/50 dark:aria-invalid:ring-destructive/40 [&_svg]:pointer-events-none [&_svg]:shrink-0 [&_svg:not([class*='size-'])]:size-4 border-border bg-background text-foreground hover:bg-muted hover:text-foreground aria-expanded:bg-muted aria-expanded:text-foreground dark:border-input/80 dark:hover:bg-input/60 h-8 gap-1.5 px-2.5 has-data-[icon=inline-end]:pr-2 has-data-[icon=inline-start]:pl-2\"\u001b[39m\n                \u001b[33mdata-slot\u001b[39m=\u001b[32m\"button\"\u001b[39m\n                \u001b[33mtabindex\u001b[39m=\u001b[32m\"0\"\u001b[39m\n                \u001b[33mtype\u001b[39m=\u001b[32m\"button\"\u001b[39m\n              \u001b[36m>\u001b[39m\n        ...\n    at Object.getElementError (/Users/changtom/Downloads/UltrERP/node_modules/.pnpm/@testing-library+dom@10.4.1/node_modules/@testing-library/dom/dist/config.js:37:19)\n    at /Users/changtom/Downloads/UltrERP/node_modules/.pnpm/@testing-library+dom@10.4.1/node_modules/@testing-library/dom/dist/query-helpers.js:76:38\n    at /Users/changtom/Downloads/UltrERP/node_modules/.pnpm/@testing-library+dom@10.4.1/node_modules/@testing-library/dom/dist/query-helpers.js:52:17\n    at /Users/changtom/Downloads/UltrERP/node_modules/.pnpm/@testing-library+dom@10.4.1/node_modules/@testing-library/dom/dist/query-helpers.js:95:19\n    at /Users/changtom/Downloads/UltrERP/src/tests/orders/OrderWorkflowPresentation.test.tsx:212:19\n    at file:///Users/changtom/Downloads/UltrERP/node_modules/.pnpm/@vitest+runner@3.2.4/node_modules/@vitest/runner/dist/chunk-hooks.js:155:11\n    at file:///Users/changtom/Downloads/UltrERP/node_modules/.pnpm/@vitest+runner@3.2.4/node_modules/@vitest/runner/dist/chunk-hooks.js:752:26\n    at file:///Users/changtom/Downloads/UltrERP/node_modules/.pnpm/@vitest+runner@3.2.4/node_modules/@vitest/runner/dist/chunk-hooks.js:1897:20\n    at new Promise (<anonymous>)\n    at runWithTimeout (file:///Users/changtom/Downloads/UltrERP/node_modules/.pnpm/@vitest+runner@3.2.4/node_modules/@vitest/runner/dist/chunk-hooks.js:1863:10)"],"meta":{}},{"ancestorTitles":["Order workflow presentation"],"fullName":"Order workflow presentation syncs quick views into the URL state","status":"passed","title":"syncs quick views into the URL state","duration":16.859250000000202,"failureMessages":[],"meta":{}}],"startTime":1776671035453,"endTime":1776671035561.8591,"status":"failed","message":"","name":"/Users/changtom/Downloads/UltrERP/src/tests/orders/OrderWorkflowPresentation.test.tsx"}]}